<?xml version="1.0" encoding="UTF-8"?>
<testng-results ignored="0" total="2" passed="2" failed="0" skipped="0">
  <reporter-output>
  </reporter-output>
  <suite started-at="2024-03-04T17:42:36 IST" name="Suite" finished-at="2024-03-04T17:42:47 IST" duration-ms="11910">
    <groups>
    </groups>
    <test started-at="2024-03-04T17:42:36 IST" name="Test" finished-at="2024-03-04T17:42:47 IST" duration-ms="11910">
      <class name="package01.Test1">
        <test-method signature="method1()[pri:0, instance:package01.Test1@6d2a209c]" started-at="2024-03-04T17:42:36 IST" name="method1" finished-at="2024-03-04T17:42:46 IST" duration-ms="10285" status="PASS">
          <reporter-output>
          </reporter-output>
        </test-method> <!-- method1 -->
        <test-method signature="method2()[pri:0, instance:package01.Test1@6d2a209c]" started-at="2024-03-04T17:42:46 IST" name="method2" finished-at="2024-03-04T17:42:47 IST" duration-ms="1578" status="PASS">
          <reporter-output>
          </reporter-output>
        </test-method> <!-- method2 -->
      </class> <!-- package01.Test1 -->
    </test> <!-- Test -->
  </suite> <!-- Suite -->
</testng-results>
