<?xml version="1.0" encoding="UTF-8"?>
<testng-results ignored="0" total="1" passed="1" failed="0" skipped="0">
  <reporter-output>
  </reporter-output>
  <suite started-at="2024-03-04T17:17:02 IST" name="Default suite" finished-at="2024-03-04T17:17:12 IST" duration-ms="10106">
    <groups>
    </groups>
    <test started-at="2024-03-04T17:17:02 IST" name="Default test" finished-at="2024-03-04T17:17:12 IST" duration-ms="10106">
      <class name="package01.Test1">
        <test-method signature="method1()[pri:0, instance:package01.Test1@7fa98a66]" started-at="2024-03-04T17:17:02 IST" name="method1" finished-at="2024-03-04T17:17:12 IST" duration-ms="10066" status="PASS">
          <reporter-output>
          </reporter-output>
        </test-method> <!-- method1 -->
      </class> <!-- package01.Test1 -->
    </test> <!-- Default test -->
  </suite> <!-- Default suite -->
</testng-results>
